#
# A fatal error has been detected by the Java Runtime Environment:
#
#  EXCEPTION_ACCESS_VIOLATION (0xc0000005) at pc=0x00007fff1c852ca9, pid=860, tid=10128
#
# JRE version: Java(TM) SE Runtime Environment (17.0.6+9) (build 17.0.6+9-LTS-190)
# Java VM: Java HotSpot(TM) 64-Bit Server VM (17.0.6+9-LTS-190, mixed mode, sharing, tiered, compressed oops, compressed class ptrs, g1 gc, windows-amd64)
# Problematic frame:
# V  [jvm.dll+0x302ca9]
#
# No core dump will be written. Minidumps are not enabled by default on client versions of Windows
#
# If you would like to submit a bug report, please visit:
#   https://bugreport.java.com/bugreport/crash.jsp
#

---------------  S U M M A R Y ------------

Command Line: -Dfile.encoding=UTF-8 -XX:+ShowCodeDetailsInExceptionMessages practice.xpath

Host: Intel(R) Core(TM) i5-5200U CPU @ 2.20GHz, 4 cores, 7G,  Windows 10 , 64 bit Build 19041 (10.0.19041.3155)
Time: Wed Aug  9 21:03:35 2023 India Standard Time elapsed time: 0.671805 seconds (0d 0h 0m 0s)

---------------  T H R E A D  ---------------

Current thread (0x00000216d2809670):  GCTaskThread "GC Thread#0" [stack: 0x00000030e2300000,0x00000030e2400000] [id=10128]

Stack: [0x00000030e2300000,0x00000030e2400000],  sp=0x00000030e23ff7b0,  free space=1021k
Native frames: (J=compiled Java code, j=interpreted, Vv=VM code, C=native code)
V  [jvm.dll+0x302ca9]
V  [jvm.dll+0x2ff9ee]
V  [jvm.dll+0x3124af]
V  [jvm.dll+0x1f2984]
V  [jvm.dll+0x2ff96b]
V  [jvm.dll+0x1f4e68]
V  [jvm.dll+0x3133d0]
V  [jvm.dll+0x313215]
V  [jvm.dll+0x2da8d4]
V  [jvm.dll+0x2dc1cb]
V  [jvm.dll+0x7ff32b]
V  [jvm.dll+0x7ff376]
V  [jvm.dll+0x781a7a]
V  [jvm.dll+0x672375]
C  [ucrtbase.dll+0x21bb2]
C  [KERNEL32.DLL+0x17614]
C  [ntdll.dll+0x526b1]


siginfo: EXCEPTION_ACCESS_VIOLATION (0xc0000005), reading address 0x0000000000000080


Register to memory mapping:

RIP=0x00007fff1c852ca9 jvm.dll
RAX=0x0 is NULL
RBX=0x0000000081758915 is pointing into object: [Ljava.util.HashMap$Node; 
{0x00000000817588d8} - klass: 'java/util/HashMap$Node'[]
 - length: 16
RCX=0x0000000000000014 is an unknown value
RDX=0x0 is NULL
RSP=0x00000030e23ff7b0 points into unknown readable memory: 0x0000000000000000 | 00 00 00 00 00 00 00 00
RBP=0x00000000000000b4 is an unknown value
RSI=0x0000000081758914 is pointing into object: [Ljava.util.HashMap$Node; 
{0x00000000817588d8} - klass: 'java/util/HashMap$Node'[]
 - length: 16
RDI=0x00000216f3256e40 points into unknown readable memory: 0x00007fff1ce46c58 | 58 6c e4 1c ff 7f 00 00
R8 =0x0000000081758798 is an oop: java.util.logging.Level$KnownLevel 
{0x0000000081758798} - klass: 'java/util/logging/Level$KnownLevel'
 - ---- fields (total size 4 words):
 - private 'referent' 'Ljava/lang/Object;' @12  a 'java/util/logging/Level'{0x00000000888465e0} (888465e0)
 - volatile 'queue' 'Ljava/lang/ref/ReferenceQueue;' @16  a 'java/lang/ref/ReferenceQueue'{0x0000000081757fd8} (81757fd8)
 - volatile 'next' 'Ljava/lang/ref/Reference;' @20  NULL (0)
 - private transient 'discovered' 'Ljava/lang/ref/Reference;' @24  NULL (0)
 - final 'mirroredLevel' 'Ljava/util/logging/Level;' @28  a 'java/util/logging/Level'{0x00000000888465e0} (888465e0)
R9 =0x0000000000000010 is an unknown value
R10=0x0000000000000080 is an unknown value
R11=0x0000000000000001 is an unknown value
R12=0x00000216d27c00b8 points into unknown readable memory: 0x100552391c7b97a1 | a1 97 7b 1c 39 52 05 10
R13=0x00000000000003d8 is an unknown value
R14=0x0000000000000040 is an unknown value
R15=0x0 is NULL


Registers:
RAX=0x0000000000000000, RBX=0x0000000081758915, RCX=0x0000000000000014, RDX=0x0000000000000000
RSP=0x00000030e23ff7b0, RBP=0x00000000000000b4, RSI=0x0000000081758914, RDI=0x00000216f3256e40
R8 =0x0000000081758798, R9 =0x0000000000000010, R10=0x0000000000000080, R11=0x0000000000000001
R12=0x00000216d27c00b8, R13=0x00000000000003d8, R14=0x0000000000000040, R15=0x0000000000000000
RIP=0x00007fff1c852ca9, EFLAGS=0x0000000000010246

Top of Stack: (sp=0x00000030e23ff7b0)
0x00000030e23ff7b0:   0000000000000000 0000000000400100
0x00000030e23ff7c0:   0000021600000000 0000000000000001
0x00000030e23ff7d0:   00000216f1f67160 00000216f1f67198
0x00000030e23ff7e0:   00000216f308c348 00000216f308c270
0x00000030e23ff7f0:   0000000000000020 00007fff1c84f9ee
0x00000030e23ff800:   000000000000000c 00000216f3256e40
0x00000030e23ff810:   00000216f1f67198 00000000000003d8
0x00000030e23ff820:   000000000063be72 0000000052c45492
0x00000030e23ff830:   00000216f308c270 0000000000000020
0x00000030e23ff840:   00000216f1f67198 00007fff1c8624af
0x00000030e23ff850:   0000000000000000 00007fff1cbb0001
0x00000030e23ff860:   0000000000000008 00000077b52d1201
0x00000030e23ff870:   00000216f308c348 00007fff1c742984
0x00000030e23ff880:   000000000000001b 00000216f1f671f8
0x00000030e23ff890:   00000216f308c390 00000216f1f67198
0x00000030e23ff8a0:   00000030e28fe610 00007fff1c84f96b 

Instructions: (pc=0x00007fff1c852ca9)
0x00007fff1c852ba9:   ff 48 8d 53 fe 48 8b cf e8 5a f4 ff ff e9 35 fd
0x00007fff1c852bb9:   ff ff 0f 1f 44 00 00 48 8b 77 10 8b ae 80 00 00
0x00007fff1c852bc9:   00 8b cd 8b 86 00 01 00 00 2b c8 81 e1 ff ff 01
0x00007fff1c852bd9:   00 41 3b ce 0f 86 e9 02 00 00 ff cd 81 e5 ff ff
0x00007fff1c852be9:   01 00 89 ae 80 00 00 00 e8 aa 1b 36 00 90 8b d5
0x00007fff1c852bf9:   8b 86 00 01 00 00 8b cd 48 8b 9e 80 01 00 00 2b
0x00007fff1c852c09:   c8 81 e1 ff ff 01 00 81 f9 ff ff 01 00 48 8b 1c
0x00007fff1c852c19:   eb 41 0f 44 cf 85 c9 75 3d 90 89 6c 24 50 48 8b
0x00007fff1c852c29:   86 00 01 00 00 48 8b c8 48 c1 e9 20 ff c1 89 4c
0x00007fff1c852c39:   24 54 3b e8 0f 85 77 02 00 00 48 c1 e1 20 48 0b
0x00007fff1c852c49:   ca f0 48 0f b1 8e 00 01 00 00 0f 85 61 02 00 00
0x00007fff1c852c59:   8b 86 00 01 00 00 f6 c3 01 0f 84 2f 01 00 00 8b
0x00007fff1c852c69:   0d 3a 56 79 00 48 8d 73 ff 48 8b 47 08 44 8b 16
0x00007fff1c852c79:   49 d3 e2 4c 03 15 1d 56 79 00 8b 88 90 05 00 00
0x00007fff1c852c89:   49 8b d2 48 8b 80 80 05 00 00 48 d3 ea 0f b7 14
0x00007fff1c852c99:   50 0f b7 c2 66 c1 e8 08 84 c0 0f 88 17 ff ff ff
0x00007fff1c852ca9:   4d 8b 02 41 0f b6 c0 24 03 3c 03 75 1e 44 38 3d
0x00007fff1c852cb9:   19 d0 7f 00 74 0f 41 0f b6 c0 24 07 3c 05 75 05
0x00007fff1c852cc9:   4d 8b c7 eb 17 49 83 e0 fc eb 11 4d 8b c8 48 8b
0x00007fff1c852cd9:   cf 4d 8b c2 e8 6e ee ff ff 4c 8b c0 8b 0d bd 55
0x00007fff1c852ce9:   79 00 49 8b d0 48 2b 15 ab 55 79 00 48 d3 ea 89
0x00007fff1c852cf9:   16 49 8b d0 8b 0d ad d8 7f 00 48 33 d6 48 d3 ea
0x00007fff1c852d09:   48 85 d2 0f 84 ae fe ff ff 48 8b 47 08 48 8b d6
0x00007fff1c852d19:   8b 88 c0 01 00 00 48 8b 80 b0 01 00 00 48 d3 ea
0x00007fff1c852d29:   48 8b 0c d0 8b 81 94 00 00 00 d1 e8 a8 01 0f 85
0x00007fff1c852d39:   83 fe ff ff 48 8b 47 08 8b 88 90 05 00 00 48 8b
0x00007fff1c852d49:   80 80 05 00 00 49 d3 e8 46 38 3c 40 0f 84 65 fe
0x00007fff1c852d59:   ff ff 48 8b 47 60 48 c1 ee 09 48 8b 58 40 48 8b
0x00007fff1c852d69:   48 38 48 03 de 48 2b d9 48 39 9f b0 01 00 00 0f
0x00007fff1c852d79:   84 42 fe ff ff 48 8d 14 0b 48 8d 4f 18 e8 65 40
0x00007fff1c852d89:   00 00 48 89 9f b0 01 00 00 e9 29 fe ff ff f6 c3
0x00007fff1c852d99:   03 0f 85 09 01 00 00 48 8b 47 08 4c 8b 13 49 8b 


Stack slot to memory mapping:
stack at sp + 0 slots: 0x0 is NULL
stack at sp + 1 slots: 0x0000000000400100 is an unknown value
stack at sp + 2 slots: 0x0000021600000000 is an unknown value
stack at sp + 3 slots: 0x0000000000000001 is an unknown value
stack at sp + 4 slots: 0x00000216f1f67160 points into unknown readable memory: 0x00007fff1ce48720 | 20 87 e4 1c ff 7f 00 00
stack at sp + 5 slots: 0x00000216f1f67198 points into unknown readable memory: 0x00007fff1ce486f0 | f0 86 e4 1c ff 7f 00 00
stack at sp + 6 slots: 0x00000216f308c348 points into unknown readable memory: 0x0000000088772ed8 | d8 2e 77 88 00 00 00 00
stack at sp + 7 slots: 0x00000216f308c270 points into unknown readable memory: 0x00000000887729f0 | f0 29 77 88 00 00 00 00


---------------  P R O C E S S  ---------------

Threads class SMR info:
_java_thread_list=0x00000216f29be980, length=12, elements={
0x00000216d277d7e0, 0x00000216f1f55040, 0x00000216f1f55b10, 0x00000216f1f64160,
0x00000216f1f65840, 0x00000216f1f67d20, 0x00000216f1f77b10, 0x00000216f1f783c0,
0x00000216f1f81980, 0x00000216f1fe05f0, 0x00000216f29b0d60, 0x00000216f29ad870
}

Java Threads: ( => current thread )
  0x00000216d277d7e0 JavaThread "main" [_thread_blocked, id=8548, stack(0x00000030e2200000,0x00000030e2300000)]
  0x00000216f1f55040 JavaThread "Reference Handler" daemon [_thread_blocked, id=2308, stack(0x00000030e2900000,0x00000030e2a00000)]
  0x00000216f1f55b10 JavaThread "Finalizer" daemon [_thread_blocked, id=11452, stack(0x00000030e2a00000,0x00000030e2b00000)]
  0x00000216f1f64160 JavaThread "Signal Dispatcher" daemon [_thread_blocked, id=3580, stack(0x00000030e2b00000,0x00000030e2c00000)]
  0x00000216f1f65840 JavaThread "Attach Listener" daemon [_thread_blocked, id=11984, stack(0x00000030e2c00000,0x00000030e2d00000)]
  0x00000216f1f67d20 JavaThread "Service Thread" daemon [_thread_blocked, id=496, stack(0x00000030e2d00000,0x00000030e2e00000)]
  0x00000216f1f77b10 JavaThread "Monitor Deflation Thread" daemon [_thread_blocked, id=13948, stack(0x00000030e2e00000,0x00000030e2f00000)]
  0x00000216f1f783c0 JavaThread "C2 CompilerThread0" daemon [_thread_blocked, id=2964, stack(0x00000030e2f00000,0x00000030e3000000)]
  0x00000216f1f81980 JavaThread "C1 CompilerThread0" daemon [_thread_blocked, id=2728, stack(0x00000030e3000000,0x00000030e3100000)]
  0x00000216f1fe05f0 JavaThread "Sweeper thread" daemon [_thread_blocked, id=13412, stack(0x00000030e3100000,0x00000030e3200000)]
  0x00000216f29b0d60 JavaThread "Notification Thread" daemon [_thread_blocked, id=1132, stack(0x00000030e3200000,0x00000030e3300000)]
  0x00000216f29ad870 JavaThread "Common-Cleaner" daemon [_thread_blocked, id=14952, stack(0x00000030e3400000,0x00000030e3500000)]

Other Threads:
  0x00000216f1f4dc60 VMThread "VM Thread" [stack: 0x00000030e2800000,0x00000030e2900000] [id=11996]
  0x00000216f29b7850 WatcherThread [stack: 0x00000030e3300000,0x00000030e3400000] [id=13320]
=>0x00000216d2809670 GCTaskThread "GC Thread#0" [stack: 0x00000030e2300000,0x00000030e2400000] [id=10128]
  0x00000216f3265b50 GCTaskThread "GC Thread#1" [stack: 0x00000030e3500000,0x00000030e3600000] [id=9708]
  0x00000216f3256b90 GCTaskThread "GC Thread#2" [stack: 0x00000030e3600000,0x00000030e3700000] [id=4936]
  0x00000216d281b210 ConcurrentGCThread "G1 Main Marker" [stack: 0x00000030e2400000,0x00000030e2500000] [id=14624]
  0x00000216d281c2d0 ConcurrentGCThread "G1 Conc#0" [stack: 0x00000030e2500000,0x00000030e2600000] [id=13844]
  0x00000216f1e120b0 ConcurrentGCThread "G1 Refine#0" [stack: 0x00000030e2600000,0x00000030e2700000] [id=13036]
  0x00000216f1e125f0 ConcurrentGCThread "G1 Service" [stack: 0x00000030e2700000,0x00000030e2800000] [id=7376]

Threads with active compile tasks:
C1 CompilerThread0      755  557       3       sun.security.util.KnownOIDs::register (349 bytes)

VM state: at safepoint (normal execution)

VM Mutex/Monitor currently owned by a thread:  ([mutex/lock_event])
[0x00000216d27b0850] Threads_lock - owner thread: 0x00000216f1f4dc60
[0x00000216d27af380] Heap_lock - owner thread: 0x00000216d277d7e0

Heap address: 0x0000000081600000, size: 2026 MB, Compressed Oops mode: 32-bit

CDS archive(s) mapped at: [0x0000000800000000-0x0000000800bd0000-0x0000000800bd0000), size 12386304, SharedBaseAddress: 0x0000000800000000, ArchiveRelocationMode: 0.
Compressed class space mapped at: 0x0000000800c00000-0x0000000840c00000, reserved size: 1073741824
Narrow klass base: 0x0000000800000000, Narrow klass shift: 0, Narrow klass range: 0x100000000

GC Precious Log:
 CPUs: 4 total, 4 available
 Memory: 8103M
 Large Page Support: Disabled
 NUMA Support: Disabled
 Compressed Oops: Enabled (32-bit)
 Heap Region Size: 1M
 Heap Min Capacity: 8M
 Heap Initial Capacity: 128M
 Heap Max Capacity: 2026M
 Pre-touch: Disabled
 Parallel Workers: 4
 Concurrent Workers: 1
 Concurrent Refinement Workers: 4
 Periodic GC: Disabled

Heap:
 garbage-first heap   total 131072K, used 13312K [0x0000000081600000, 0x0000000100000000)
  region size 1024K, 15 young (15360K), 2 survivors (2048K)
 Metaspace       used 1978K, committed 2112K, reserved 1056768K
  class space    used 207K, committed 256K, reserved 1048576K

Heap Regions: E=young(eden), S=young(survivor), O=old, HS=humongous(starts), HC=humongous(continues), CS=collection set, F=free, OA=open archive, CA=closed archive, TAMS=top-at-mark-start (previous, next)
|   0|0x0000000081600000, 0x0000000081700000, 0x0000000081700000|100%| O|  |TAMS 0x0000000081600000, 0x0000000081600000| Untracked 
|   1|0x0000000081700000, 0x0000000081800000, 0x0000000081800000|100%| O|  |TAMS 0x0000000081700000, 0x0000000081700000| Untracked 
|   2|0x0000000081800000, 0x0000000081900000, 0x0000000081900000|100%| O|  |TAMS 0x0000000081800000, 0x0000000081800000| Untracked 
|   3|0x0000000081900000, 0x0000000081a00000, 0x0000000081a00000|100%| O|  |TAMS 0x0000000081900000, 0x0000000081900000| Untracked 
|   4|0x0000000081a00000, 0x0000000081a33580, 0x0000000081b00000| 20%| O|  |TAMS 0x0000000081a00000, 0x0000000081a00000| Untracked 
|   5|0x0000000081b00000, 0x0000000081b00000, 0x0000000081c00000|  0%| F|  |TAMS 0x0000000081b00000, 0x0000000081b00000| Untracked 
|   6|0x0000000081c00000, 0x0000000081c00000, 0x0000000081d00000|  0%| F|  |TAMS 0x0000000081c00000, 0x0000000081c00000| Untracked 
|   7|0x0000000081d00000, 0x0000000081d00000, 0x0000000081e00000|  0%| F|  |TAMS 0x0000000081d00000, 0x0000000081d00000| Untracked 
|   8|0x0000000081e00000, 0x0000000081e00000, 0x0000000081f00000|  0%| F|  |TAMS 0x0000000081e00000, 0x0000000081e00000| Untracked 
|   9|0x0000000081f00000, 0x0000000081f00000, 0x0000000082000000|  0%| F|  |TAMS 0x0000000081f00000, 0x0000000081f00000| Untracked 
|  10|0x0000000082000000, 0x0000000082000000, 0x0000000082100000|  0%| F|  |TAMS 0x0000000082000000, 0x0000000082000000| Untracked 
|  11|0x0000000082100000, 0x0000000082100000, 0x0000000082200000|  0%| F|  |TAMS 0x0000000082100000, 0x0000000082100000| Untracked 
|  12|0x0000000082200000, 0x0000000082200000, 0x0000000082300000|  0%| F|  |TAMS 0x0000000082200000, 0x0000000082200000| Untracked 
|  13|0x0000000082300000, 0x0000000082300000, 0x0000000082400000|  0%| F|  |TAMS 0x0000000082300000, 0x0000000082300000| Untracked 
|  14|0x0000000082400000, 0x0000000082400000, 0x0000000082500000|  0%| F|  |TAMS 0x0000000082400000, 0x0000000082400000| Untracked 
|  15|0x0000000082500000, 0x0000000082500000, 0x0000000082600000|  0%| F|  |TAMS 0x0000000082500000, 0x0000000082500000| Untracked 
|  16|0x0000000082600000, 0x0000000082600000, 0x0000000082700000|  0%| F|  |TAMS 0x0000000082600000, 0x0000000082600000| Untracked 
|  17|0x0000000082700000, 0x0000000082700000, 0x0000000082800000|  0%| F|  |TAMS 0x0000000082700000, 0x0000000082700000| Untracked 
|  18|0x0000000082800000, 0x0000000082800000, 0x0000000082900000|  0%| F|  |TAMS 0x0000000082800000, 0x0000000082800000| Untracked 
|  19|0x0000000082900000, 0x0000000082900000, 0x0000000082a00000|  0%| F|  |TAMS 0x0000000082900000, 0x0000000082900000| Untracked 
|  20|0x0000000082a00000, 0x0000000082a00000, 0x0000000082b00000|  0%| F|  |TAMS 0x0000000082a00000, 0x0000000082a00000| Untracked 
|  21|0x0000000082b00000, 0x0000000082b00000, 0x0000000082c00000|  0%| F|  |TAMS 0x0000000082b00000, 0x0000000082b00000| Untracked 
|  22|0x0000000082c00000, 0x0000000082c00000, 0x0000000082d00000|  0%| F|  |TAMS 0x0000000082c00000, 0x0000000082c00000| Untracked 
|  23|0x0000000082d00000, 0x0000000082d00000, 0x0000000082e00000|  0%| F|  |TAMS 0x0000000082d00000, 0x0000000082d00000| Untracked 
|  24|0x0000000082e00000, 0x0000000082e00000, 0x0000000082f00000|  0%| F|  |TAMS 0x0000000082e00000, 0x0000000082e00000| Untracked 
|  25|0x0000000082f00000, 0x0000000082f00000, 0x0000000083000000|  0%| F|  |TAMS 0x0000000082f00000, 0x0000000082f00000| Untracked 
|  26|0x0000000083000000, 0x0000000083000000, 0x0000000083100000|  0%| F|  |TAMS 0x0000000083000000, 0x0000000083000000| Untracked 
|  27|0x0000000083100000, 0x0000000083100000, 0x0000000083200000|  0%| F|  |TAMS 0x0000000083100000, 0x0000000083100000| Untracked 
|  28|0x0000000083200000, 0x0000000083200000, 0x0000000083300000|  0%| F|  |TAMS 0x0000000083200000, 0x0000000083200000| Untracked 
|  29|0x0000000083300000, 0x0000000083300000, 0x0000000083400000|  0%| F|  |TAMS 0x0000000083300000, 0x0000000083300000| Untracked 
|  30|0x0000000083400000, 0x0000000083400000, 0x0000000083500000|  0%| F|  |TAMS 0x0000000083400000, 0x0000000083400000| Untracked 
|  31|0x0000000083500000, 0x0000000083500000, 0x0000000083600000|  0%| F|  |TAMS 0x0000000083500000, 0x0000000083500000| Untracked 
|  32|0x0000000083600000, 0x0000000083600000, 0x0000000083700000|  0%| F|  |TAMS 0x0000000083600000, 0x0000000083600000| Untracked 
|  33|0x0000000083700000, 0x0000000083700000, 0x0000000083800000|  0%| F|  |TAMS 0x0000000083700000, 0x0000000083700000| Untracked 
|  34|0x0000000083800000, 0x0000000083800000, 0x0000000083900000|  0%| F|  |TAMS 0x0000000083800000, 0x0000000083800000| Untracked 
|  35|0x0000000083900000, 0x0000000083900000, 0x0000000083a00000|  0%| F|  |TAMS 0x0000000083900000, 0x0000000083900000| Untracked 
|  36|0x0000000083a00000, 0x0000000083a00000, 0x0000000083b00000|  0%| F|  |TAMS 0x0000000083a00000, 0x0000000083a00000| Untracked 
|  37|0x0000000083b00000, 0x0000000083b00000, 0x0000000083c00000|  0%| F|  |TAMS 0x0000000083b00000, 0x0000000083b00000| Untracked 
|  38|0x0000000083c00000, 0x0000000083c00000, 0x0000000083d00000|  0%| F|  |TAMS 0x0000000083c00000, 0x0000000083c00000| Untracked 
|  39|0x0000000083d00000, 0x0000000083d00000, 0x0000000083e00000|  0%| F|  |TAMS 0x0000000083d00000, 0x0000000083d00000| Untracked 
|  40|0x0000000083e00000, 0x0000000083e00000, 0x0000000083f00000|  0%| F|  |TAMS 0x0000000083e00000, 0x0000000083e00000| Untracked 
|  41|0x0000000083f00000, 0x0000000083f00000, 0x0000000084000000|  0%| F|  |TAMS 0x0000000083f00000, 0x0000000083f00000| Untracked 
|  42|0x0000000084000000, 0x0000000084000000, 0x0000000084100000|  0%| F|  |TAMS 0x0000000084000000, 0x0000000084000000| Untracked 
|  43|0x0000000084100000, 0x0000000084100000, 0x0000000084200000|  0%| F|  |TAMS 0x0000000084100000, 0x0000000084100000| Untracked 
|  44|0x0000000084200000, 0x0000000084200000, 0x0000000084300000|  0%| F|  |TAMS 0x0000000084200000, 0x0000000084200000| Untracked 
|  45|0x0000000084300000, 0x0000000084300000, 0x0000000084400000|  0%| F|  |TAMS 0x0000000084300000, 0x0000000084300000| Untracked 
|  46|0x0000000084400000, 0x0000000084400000, 0x0000000084500000|  0%| F|  |TAMS 0x0000000084400000, 0x0000000084400000| Untracked 
|  47|0x0000000084500000, 0x0000000084500000, 0x0000000084600000|  0%| F|  |TAMS 0x0000000084500000, 0x0000000084500000| Untracked 
|  48|0x0000000084600000, 0x0000000084600000, 0x0000000084700000|  0%| F|  |TAMS 0x0000000084600000, 0x0000000084600000| Untracked 
|  49|0x0000000084700000, 0x0000000084700000, 0x0000000084800000|  0%| F|  |TAMS 0x0000000084700000, 0x0000000084700000| Untracked 
|  50|0x0000000084800000, 0x0000000084800000, 0x0000000084900000|  0%| F|  |TAMS 0x0000000084800000, 0x0000000084800000| Untracked 
|  51|0x0000000084900000, 0x0000000084900000, 0x0000000084a00000|  0%| F|  |TAMS 0x0000000084900000, 0x0000000084900000| Untracked 
|  52|0x0000000084a00000, 0x0000000084a00000, 0x0000000084b00000|  0%| F|  |TAMS 0x0000000084a00000, 0x0000000084a00000| Untracked 
|  53|0x0000000084b00000, 0x0000000084b00000, 0x0000000084c00000|  0%| F|  |TAMS 0x0000000084b00000, 0x0000000084b00000| Untracked 
|  54|0x0000000084c00000, 0x0000000084c00000, 0x0000000084d00000|  0%| F|  |TAMS 0x0000000084c00000, 0x0000000084c00000| Untracked 
|  55|0x0000000084d00000, 0x0000000084d00000, 0x0000000084e00000|  0%| F|  |TAMS 0x0000000084d00000, 0x0000000084d00000| Untracked 
|  56|0x0000000084e00000, 0x0000000084e00000, 0x0000000084f00000|  0%| F|  |TAMS 0x0000000084e00000, 0x0000000084e00000| Untracked 
|  57|0x0000000084f00000, 0x0000000084f00000, 0x0000000085000000|  0%| F|  |TAMS 0x0000000084f00000, 0x0000000084f00000| Untracked 
|  58|0x0000000085000000, 0x0000000085000000, 0x0000000085100000|  0%| F|  |TAMS 0x0000000085000000, 0x0000000085000000| Untracked 
|  59|0x0000000085100000, 0x0000000085100000, 0x0000000085200000|  0%| F|  |TAMS 0x0000000085100000, 0x0000000085100000| Untracked 
|  60|0x0000000085200000, 0x0000000085200000, 0x0000000085300000|  0%| F|  |TAMS 0x0000000085200000, 0x0000000085200000| Untracked 
|  61|0x0000000085300000, 0x0000000085300000, 0x0000000085400000|  0%| F|  |TAMS 0x0000000085300000, 0x0000000085300000| Untracked 
|  62|0x0000000085400000, 0x0000000085400000, 0x0000000085500000|  0%| F|  |TAMS 0x0000000085400000, 0x0000000085400000| Untracked 
|  63|0x0000000085500000, 0x0000000085500000, 0x0000000085600000|  0%| F|  |TAMS 0x0000000085500000, 0x0000000085500000| Untracked 
|  64|0x0000000085600000, 0x0000000085600000, 0x0000000085700000|  0%| F|  |TAMS 0x0000000085600000, 0x0000000085600000| Untracked 
|  65|0x0000000085700000, 0x0000000085700000, 0x0000000085800000|  0%| F|  |TAMS 0x0000000085700000, 0x0000000085700000| Untracked 
|  66|0x0000000085800000, 0x0000000085800000, 0x0000000085900000|  0%| F|  |TAMS 0x0000000085800000, 0x0000000085800000| Untracked 
|  67|0x0000000085900000, 0x0000000085900000, 0x0000000085a00000|  0%| F|  |TAMS 0x0000000085900000, 0x0000000085900000| Untracked 
|  68|0x0000000085a00000, 0x0000000085a00000, 0x0000000085b00000|  0%| F|  |TAMS 0x0000000085a00000, 0x0000000085a00000| Untracked 
|  69|0x0000000085b00000, 0x0000000085b00000, 0x0000000085c00000|  0%| F|  |TAMS 0x0000000085b00000, 0x0000000085b00000| Untracked 
|  70|0x0000000085c00000, 0x0000000085c00000, 0x0000000085d00000|  0%| F|  |TAMS 0x0000000085c00000, 0x0000000085c00000| Untracked 
|  71|0x0000000085d00000, 0x0000000085d00000, 0x0000000085e00000|  0%| F|  |TAMS 0x0000000085d00000, 0x0000000085d00000| Untracked 
|  72|0x0000000085e00000, 0x0000000085e00000, 0x0000000085f00000|  0%| F|  |TAMS 0x0000000085e00000, 0x0000000085e00000| Untracked 
|  73|0x0000000085f00000, 0x0000000085f00000, 0x0000000086000000|  0%| F|  |TAMS 0x0000000085f00000, 0x0000000085f00000| Untracked 
|  74|0x0000000086000000, 0x0000000086000000, 0x0000000086100000|  0%| F|  |TAMS 0x0000000086000000, 0x0000000086000000| Untracked 
|  75|0x0000000086100000, 0x0000000086100000, 0x0000000086200000|  0%| F|  |TAMS 0x0000000086100000, 0x0000000086100000| Untracked 
|  76|0x0000000086200000, 0x0000000086200000, 0x0000000086300000|  0%| F|  |TAMS 0x0000000086200000, 0x0000000086200000| Untracked 
|  77|0x0000000086300000, 0x0000000086300000, 0x0000000086400000|  0%| F|  |TAMS 0x0000000086300000, 0x0000000086300000| Untracked 
|  78|0x0000000086400000, 0x0000000086400000, 0x0000000086500000|  0%| F|  |TAMS 0x0000000086400000, 0x0000000086400000| Untracked 
|  79|0x0000000086500000, 0x0000000086500000, 0x0000000086600000|  0%| F|  |TAMS 0x0000000086500000, 0x0000000086500000| Untracked 
|  80|0x0000000086600000, 0x0000000086600000, 0x0000000086700000|  0%| F|  |TAMS 0x0000000086600000, 0x0000000086600000| Untracked 
|  81|0x0000000086700000, 0x0000000086700000, 0x0000000086800000|  0%| F|  |TAMS 0x0000000086700000, 0x0000000086700000| Untracked 
|  82|0x0000000086800000, 0x0000000086800000, 0x0000000086900000|  0%| F|  |TAMS 0x0000000086800000, 0x0000000086800000| Untracked 
|  83|0x0000000086900000, 0x0000000086900000, 0x0000000086a00000|  0%| F|  |TAMS 0x0000000086900000, 0x0000000086900000| Untracked 
|  84|0x0000000086a00000, 0x0000000086a00000, 0x0000000086b00000|  0%| F|  |TAMS 0x0000000086a00000, 0x0000000086a00000| Untracked 
|  85|0x0000000086b00000, 0x0000000086b00000, 0x0000000086c00000|  0%| F|  |TAMS 0x0000000086b00000, 0x0000000086b00000| Untracked 
|  86|0x0000000086c00000, 0x0000000086c00000, 0x0000000086d00000|  0%| F|  |TAMS 0x0000000086c00000, 0x0000000086c00000| Untracked 
|  87|0x0000000086d00000, 0x0000000086d00000, 0x0000000086e00000|  0%| F|  |TAMS 0x0000000086d00000, 0x0000000086d00000| Untracked 
|  88|0x0000000086e00000, 0x0000000086e00000, 0x0000000086f00000|  0%| F|  |TAMS 0x0000000086e00000, 0x0000000086e00000| Untracked 
|  89|0x0000000086f00000, 0x0000000086f00000, 0x0000000087000000|  0%| F|  |TAMS 0x0000000086f00000, 0x0000000086f00000| Untracked 
|  90|0x0000000087000000, 0x0000000087000000, 0x0000000087100000|  0%| F|  |TAMS 0x0000000087000000, 0x0000000087000000| Untracked 
|  91|0x0000000087100000, 0x0000000087100000, 0x0000000087200000|  0%| F|  |TAMS 0x0000000087100000, 0x0000000087100000| Untracked 
|  92|0x0000000087200000, 0x0000000087200000, 0x0000000087300000|  0%| F|  |TAMS 0x0000000087200000, 0x0000000087200000| Untracked 
|  93|0x0000000087300000, 0x0000000087300000, 0x0000000087400000|  0%| F|  |TAMS 0x0000000087300000, 0x0000000087300000| Untracked 
|  94|0x0000000087400000, 0x0000000087400000, 0x0000000087500000|  0%| F|  |TAMS 0x0000000087400000, 0x0000000087400000| Untracked 
|  95|0x0000000087500000, 0x0000000087500000, 0x0000000087600000|  0%| F|  |TAMS 0x0000000087500000, 0x0000000087500000| Untracked 
|  96|0x0000000087600000, 0x0000000087600000, 0x0000000087700000|  0%| F|  |TAMS 0x0000000087600000, 0x0000000087600000| Untracked 
|  97|0x0000000087700000, 0x0000000087700000, 0x0000000087800000|  0%| F|  |TAMS 0x0000000087700000, 0x0000000087700000| Untracked 
|  98|0x0000000087800000, 0x0000000087800000, 0x0000000087900000|  0%| F|  |TAMS 0x0000000087800000, 0x0000000087800000| Untracked 
|  99|0x0000000087900000, 0x0000000087900000, 0x0000000087a00000|  0%| F|  |TAMS 0x0000000087900000, 0x0000000087900000| Untracked 
| 100|0x0000000087a00000, 0x0000000087a00000, 0x0000000087b00000|  0%| F|  |TAMS 0x0000000087a00000, 0x0000000087a00000| Untracked 
| 101|0x0000000087b00000, 0x0000000087b00000, 0x0000000087c00000|  0%| F|  |TAMS 0x0000000087b00000, 0x0000000087b00000| Untracked 
| 102|0x0000000087c00000, 0x0000000087c00000, 0x0000000087d00000|  0%| F|  |TAMS 0x0000000087c00000, 0x0000000087c00000| Untracked 
| 103|0x0000000087d00000, 0x0000000087d00000, 0x0000000087e00000|  0%| F|  |TAMS 0x0000000087d00000, 0x0000000087d00000| Untracked 
| 104|0x0000000087e00000, 0x0000000087e00000, 0x0000000087f00000|  0%| F|  |TAMS 0x0000000087e00000, 0x0000000087e00000| Untracked 
| 105|0x0000000087f00000, 0x0000000087f00000, 0x0000000088000000|  0%| F|  |TAMS 0x0000000087f00000, 0x0000000087f00000| Untracked 
| 106|0x0000000088000000, 0x0000000088000000, 0x0000000088100000|  0%| F|  |TAMS 0x0000000088000000, 0x0000000088000000| Untracked 
| 107|0x0000000088100000, 0x0000000088100000, 0x0000000088200000|  0%| F|  |TAMS 0x0000000088100000, 0x0000000088100000| Untracked 
| 108|0x0000000088200000, 0x0000000088200000, 0x0000000088300000|  0%| F|  |TAMS 0x0000000088200000, 0x0000000088200000| Untracked 
| 109|0x0000000088300000, 0x0000000088300000, 0x0000000088400000|  0%| F|  |TAMS 0x0000000088300000, 0x0000000088300000| Untracked 
| 110|0x0000000088400000, 0x0000000088400000, 0x0000000088500000|  0%| F|  |TAMS 0x0000000088400000, 0x0000000088400000| Untracked 
| 111|0x0000000088500000, 0x0000000088500000, 0x0000000088600000|  0%| F|  |TAMS 0x0000000088500000, 0x0000000088500000| Untracked 
| 112|0x0000000088600000, 0x0000000088600000, 0x0000000088700000|  0%| F|  |TAMS 0x0000000088600000, 0x0000000088600000| Untracked 
| 113|0x0000000088700000, 0x0000000088800000, 0x0000000088800000|100%| S|  |TAMS 0x0000000088700000, 0x0000000088700000| Complete 
| 114|0x0000000088800000, 0x0000000088900000, 0x0000000088900000|100%| S|  |TAMS 0x0000000088800000, 0x0000000088800000| Complete 
| 115|0x0000000088900000, 0x0000000088a00000, 0x0000000088a00000|100%| E|CS|TAMS 0x0000000088900000, 0x0000000088900000| Complete 
| 116|0x0000000088a00000, 0x0000000088b00000, 0x0000000088b00000|100%| E|CS|TAMS 0x0000000088a00000, 0x0000000088a00000| Complete 
| 117|0x0000000088b00000, 0x0000000088c00000, 0x0000000088c00000|100%| E|CS|TAMS 0x0000000088b00000, 0x0000000088b00000| Complete 
| 118|0x0000000088c00000, 0x0000000088d00000, 0x0000000088d00000|100%| E|CS|TAMS 0x0000000088c00000, 0x0000000088c00000| Complete 
| 119|0x0000000088d00000, 0x0000000088e00000, 0x0000000088e00000|100%| E|CS|TAMS 0x0000000088d00000, 0x0000000088d00000| Complete 
| 120|0x0000000088e00000, 0x0000000088f00000, 0x0000000088f00000|100%| E|CS|TAMS 0x0000000088e00000, 0x0000000088e00000| Complete 
| 121|0x0000000088f00000, 0x0000000089000000, 0x0000000089000000|100%| E|CS|TAMS 0x0000000088f00000, 0x0000000088f00000| Complete 
| 122|0x0000000089000000, 0x0000000089100000, 0x0000000089100000|100%| E|CS|TAMS 0x0000000089000000, 0x0000000089000000| Complete 
| 123|0x0000000089100000, 0x0000000089200000, 0x0000000089200000|100%| E|CS|TAMS 0x0000000089100000, 0x0000000089100000| Complete 
| 124|0x0000000089200000, 0x0000000089300000, 0x0000000089300000|100%| E|CS|TAMS 0x0000000089200000, 0x0000000089200000| Complete 
| 125|0x0000000089300000, 0x0000000089400000, 0x0000000089400000|100%| E|CS|TAMS 0x0000000089300000, 0x0000000089300000| Complete 
| 126|0x0000000089400000, 0x0000000089500000, 0x0000000089500000|100%| E|CS|TAMS 0x0000000089400000, 0x0000000089400000| Complete 
| 127|0x0000000089500000, 0x0000000089600000, 0x0000000089600000|100%| E|CS|TAMS 0x0000000089500000, 0x0000000089500000| Complete 

Card table byte_map: [0x00000216eb200000,0x00000216eb600000] _byte_map_base: 0x00000216eadf5000

Marking Bits (Prev, Next): (CMBitMap*) 0x00000216d280aba0, (CMBitMap*) 0x00000216d280abe0
 Prev Bits: [0x00000216eba00000, 0x00000216ed9a8000)
 Next Bits: [0x00000216ed9b0000, 0x00000216ef958000)

Polling page: 0x00000216d2630000

Metaspace:

Usage:
  Non-class:      1.73 MB used.
      Class:    207.21 KB used.
       Both:      1.93 MB used.

Virtual space:
  Non-class space:        8.00 MB reserved,       1.81 MB ( 23%) committed,  1 nodes.
      Class space:        1.00 GB reserved,     256.00 KB ( <1%) committed,  1 nodes.
             Both:        1.01 GB reserved,       2.06 MB ( <1%) committed. 

Chunk freelists:
   Non-Class:  3.53 MB
       Class:  3.64 MB
        Both:  7.17 MB

MaxMetaspaceSize: unlimited
CompressedClassSpaceSize: 1.00 GB
Initial GC threshold: 21.00 MB
Current GC threshold: 21.00 MB
CDS: on
MetaspaceReclaimPolicy: balanced
 - commit_granule_bytes: 65536.
 - commit_granule_words: 8192.
 - virtual_space_node_default_size: 1048576.
 - enlarge_chunks_in_place: 1.
 - new_chunks_are_fully_committed: 0.
 - uncommit_free_chunks: 1.
 - use_allocation_guard: 0.
 - handle_deallocations: 1.


Internal statistics:

num_allocs_failed_limit: 0.
num_arena_births: 20.
num_arena_deaths: 0.
num_vsnodes_births: 2.
num_vsnodes_deaths: 0.
num_space_committed: 33.
num_space_uncommitted: 0.
num_chunks_returned_to_freelist: 0.
num_chunks_taken_from_freelist: 57.
num_chunk_merges: 0.
num_chunk_splits: 28.
num_chunks_enlarged: 21.
num_purges: 0.
num_inconsistent_stats: 0.

CodeHeap 'non-profiled nmethods': size=120000Kb used=175Kb max_used=175Kb free=119825Kb
 bounds [0x00000216e32b0000, 0x00000216e3520000, 0x00000216ea7e0000]
CodeHeap 'profiled nmethods': size=120000Kb used=934Kb max_used=934Kb free=119065Kb
 bounds [0x00000216db7e0000, 0x00000216dba50000, 0x00000216e2d10000]
CodeHeap 'non-nmethods': size=5760Kb used=1134Kb max_used=1148Kb free=4626Kb
 bounds [0x00000216e2d10000, 0x00000216e2f80000, 0x00000216e32b0000]
 total_blobs=972 nmethods=554 adapters=331
 compilation: enabled
              stopped_count=0, restarted_count=0
 full_count=0

Compilation events (20 events):
Event: 0.642 Thread 0x00000216f1f783c0 nmethod 545 0x00000216e32dab90 code [0x00000216e32dad20, 0x00000216e32db178]
Event: 0.645 Thread 0x00000216f1f81980  547       3       java.lang.Enum::<init> (15 bytes)
Event: 0.645 Thread 0x00000216f1f81980 nmethod 547 0x00000216db8c7310 code [0x00000216db8c74a0, 0x00000216db8c7658]
Event: 0.646 Thread 0x00000216f1f81980  548       1       java.lang.Enum::name (5 bytes)
Event: 0.646 Thread 0x00000216f1f81980 nmethod 548 0x00000216e32db310 code [0x00000216e32db4a0, 0x00000216e32db578]
Event: 0.647 Thread 0x00000216f1f81980  549       3       java.lang.CharacterDataLatin1::toUpperCaseEx (71 bytes)
Event: 0.648 Thread 0x00000216f1f81980 nmethod 549 0x00000216db8c7710 code [0x00000216db8c78c0, 0x00000216db8c7b98]
Event: 0.648 Thread 0x00000216f1f81980  550       1       sun.util.locale.BaseLocale::getLanguage (5 bytes)
Event: 0.648 Thread 0x00000216f1f81980 nmethod 550 0x00000216e32db610 code [0x00000216e32db7a0, 0x00000216e32db878]
Event: 0.648 Thread 0x00000216f1f81980  551       3       java.util.concurrent.ConcurrentHashMap::put (8 bytes)
Event: 0.648 Thread 0x00000216f1f81980 nmethod 551 0x00000216db8c7c90 code [0x00000216db8c7e20, 0x00000216db8c7f68]
Event: 0.648 Thread 0x00000216f1f81980  552       3       java.util.Locale::getLanguage (8 bytes)
Event: 0.648 Thread 0x00000216f1f81980 nmethod 552 0x00000216db8c8010 code [0x00000216db8c81a0, 0x00000216db8c82d8]
Event: 0.649 Thread 0x00000216f1f81980  553       1       sun.security.util.KnownOIDs::registerNames (2 bytes)
Event: 0.649 Thread 0x00000216f1f81980 nmethod 553 0x00000216e32db910 code [0x00000216e32dbaa0, 0x00000216e32dbb78]
Event: 0.649 Thread 0x00000216f1f81980  554       3       java.lang.StringLatin1::toUpperCase (186 bytes)
Event: 0.649 Thread 0x00000216f1f81980 nmethod 554 0x00000216db8c8390 code [0x00000216db8c8600, 0x00000216db8c9158]
Event: 0.650 Thread 0x00000216f1f81980  555       3       java.lang.String::toUpperCase (29 bytes)
Event: 0.650 Thread 0x00000216f1f81980 nmethod 555 0x00000216db8c9590 code [0x00000216db8c9760, 0x00000216db8c9a18]
Event: 0.650 Thread 0x00000216f1f81980  557       3       sun.security.util.KnownOIDs::register (349 bytes)

GC Heap History (1 events):
Event: 0.652 GC heap before
{Heap before GC invocations=0 (full 0):
 garbage-first heap   total 131072K, used 12288K [0x0000000081600000, 0x0000000100000000)
  region size 1024K, 13 young (13312K), 0 survivors (0K)
 Metaspace       used 1978K, committed 2112K, reserved 1056768K
  class space    used 207K, committed 256K, reserved 1048576K
}

Deoptimization events (20 events):
Event: 0.266 Thread 0x00000216d277d7e0 Uncommon trap: trap_request=0xffffff45 fr.pc=0x00000216e32b15f4 relative=0x0000000000000074
Event: 0.266 Thread 0x00000216d277d7e0 Uncommon trap: reason=unstable_if action=reinterpret pc=0x00000216e32b15f4 method=java.lang.String.isLatin1()Z @ 10 c2
Event: 0.266 Thread 0x00000216d277d7e0 DEOPT PACKING pc=0x00000216e32b15f4 sp=0x00000030e22feb80
Event: 0.266 Thread 0x00000216d277d7e0 DEOPT UNPACKING pc=0x00000216e2d623a3 sp=0x00000030e22feac0 mode 2
Event: 0.326 Thread 0x00000216d277d7e0 DEOPT PACKING pc=0x00000216db7e9967 sp=0x00000030e22f9ad0
Event: 0.326 Thread 0x00000216d277d7e0 DEOPT UNPACKING pc=0x00000216e2d62b43 sp=0x00000030e22f8ef0 mode 0
Event: 0.521 Thread 0x00000216d277d7e0 DEOPT PACKING pc=0x00000216db7fe465 sp=0x00000030e22f9980
Event: 0.521 Thread 0x00000216d277d7e0 DEOPT UNPACKING pc=0x00000216e2d62b43 sp=0x00000030e22f8dd0 mode 0
Event: 0.527 Thread 0x00000216d277d7e0 DEOPT PACKING pc=0x00000216db7fe465 sp=0x00000030e22f9980
Event: 0.527 Thread 0x00000216d277d7e0 DEOPT UNPACKING pc=0x00000216e2d62b43 sp=0x00000030e22f8dd0 mode 0
Event: 0.561 Thread 0x00000216d277d7e0 Uncommon trap: trap_request=0xffffff45 fr.pc=0x00000216e32cd8ac relative=0x000000000000028c
Event: 0.561 Thread 0x00000216d277d7e0 Uncommon trap: reason=unstable_if action=reinterpret pc=0x00000216e32cd8ac method=java.lang.String.startsWith(Ljava/lang/String;I)Z @ 14 c2
Event: 0.561 Thread 0x00000216d277d7e0 DEOPT PACKING pc=0x00000216e32cd8ac sp=0x00000030e22fdc30
Event: 0.561 Thread 0x00000216d277d7e0 DEOPT UNPACKING pc=0x00000216e2d623a3 sp=0x00000030e22fdb90 mode 2
Event: 0.622 Thread 0x00000216d277d7e0 Uncommon trap: trap_request=0xffffff45 fr.pc=0x00000216e32bb564 relative=0x0000000000000064
Event: 0.622 Thread 0x00000216d277d7e0 Uncommon trap: reason=unstable_if action=reinterpret pc=0x00000216e32bb564 method=java.io.WinNTFileSystem.isSlash(C)Z @ 9 c2
Event: 0.622 Thread 0x00000216d277d7e0 DEOPT PACKING pc=0x00000216e32bb564 sp=0x00000030e22fd020
Event: 0.622 Thread 0x00000216d277d7e0 DEOPT UNPACKING pc=0x00000216e2d623a3 sp=0x00000030e22fcfa8 mode 2
Event: 0.622 Thread 0x00000216d277d7e0 DEOPT PACKING pc=0x00000216db80f656 sp=0x00000030e22fd080
Event: 0.622 Thread 0x00000216d277d7e0 DEOPT UNPACKING pc=0x00000216e2d62b43 sp=0x00000030e22fc520 mode 0

Classes unloaded (0 events):
No events

Classes redefined (0 events):
No events

Internal exceptions (9 events):
Event: 0.499 Thread 0x00000216d277d7e0 Exception <a 'java/lang/NoSuchMethodError'{0x0000000088b9c618}: 'java.lang.Object java.lang.invoke.DirectMethodHandle$Holder.invokeStaticInit(java.lang.Object)'> (0x0000000088b9c618) 
thrown [s\open\src\hotspot\share\interpreter\linkResolver.cpp, line 759]
Event: 0.548 Thread 0x00000216d277d7e0 Exception <a 'java/lang/NoSuchMethodError'{0x0000000088a45c48}: 'void java.lang.invoke.DirectMethodHandle$Holder.invokeStatic(java.lang.Object, java.lang.Object)'> (0x0000000088a45c48) 
thrown [s\open\src\hotspot\share\interpreter\linkResolver.cpp, line 759]
Event: 0.563 Thread 0x00000216d277d7e0 Exception <a 'java/net/SocketException'{0x0000000088a50918}: Socket is not connected: shutdown> (0x0000000088a50918) 
thrown [s\open\src\hotspot\share\prims\jni.cpp, line 535]
Event: 0.563 Thread 0x00000216d277d7e0 Exception <a 'java/net/SocketException'{0x0000000088a50f90}: Socket is not connected: shutdown> (0x0000000088a50f90) 
thrown [s\open\src\hotspot\share\prims\jni.cpp, line 535]
Event: 0.564 Thread 0x00000216d277d7e0 Exception <a 'java/net/SocketException'{0x0000000088a515e0}: Socket is not connected: shutdown> (0x0000000088a515e0) 
thrown [s\open\src\hotspot\share\prims\jni.cpp, line 535]
Event: 0.564 Thread 0x00000216d277d7e0 Exception <a 'java/net/SocketException'{0x0000000088a51ba0}: Socket is not connected: shutdown> (0x0000000088a51ba0) 
thrown [s\open\src\hotspot\share\prims\jni.cpp, line 535]
Event: 0.569 Thread 0x00000216d277d7e0 Exception <a 'java/lang/NoSuchMethodError'{0x0000000088a6c638}: 'void java.lang.invoke.DirectMethodHandle$Holder.invokeStatic(java.lang.Object, java.lang.Object, java.lang.Object)'> (0x0000000088a6c638) 
thrown [s\open\src\hotspot\share\interpreter\linkResolver.cpp, line 759]
Event: 0.600 Thread 0x00000216d277d7e0 Exception <a 'java/lang/NoSuchMethodError'{0x0000000088932568}: 'int java.lang.invoke.DirectMethodHandle$Holder.invokeStaticInit(java.lang.Object, java.lang.Object)'> (0x0000000088932568) 
thrown [s\open\src\hotspot\share\interpreter\linkResolver.cpp, line 759]
Event: 0.605 Thread 0x00000216d277d7e0 Exception <a 'java/lang/NoSuchMethodError'{0x000000008894d1e0}: 'void java.lang.invoke.DirectMethodHandle$Holder.invokeStaticInit(java.lang.Object, java.lang.Object)'> (0x000000008894d1e0) 
thrown [s\open\src\hotspot\share\interpreter\linkResolver.cpp, line 759]

VM Operations (9 events):
Event: 0.295 Executing VM operation: HandshakeAllThreads
Event: 0.296 Executing VM operation: HandshakeAllThreads done
Event: 0.545 Executing VM operation: HandshakeAllThreads
Event: 0.545 Executing VM operation: HandshakeAllThreads done
Event: 0.622 Executing VM operation: HandshakeAllThreads
Event: 0.622 Executing VM operation: HandshakeAllThreads done
Event: 0.626 Executing VM operation: HandshakeAllThreads
Event: 0.626 Executing VM operation: HandshakeAllThreads done
Event: 0.652 Executing VM operation: G1CollectForAllocation

Events (20 events):
Event: 0.646 loading class sun/security/util/KnownOIDs$3
Event: 0.646 loading class sun/security/util/KnownOIDs$3 done
Event: 0.646 loading class sun/security/util/KnownOIDs$4
Event: 0.646 loading class sun/security/util/KnownOIDs$4 done
Event: 0.646 loading class sun/security/util/KnownOIDs$5
Event: 0.646 loading class sun/security/util/KnownOIDs$5 done
Event: 0.646 loading class sun/security/util/KnownOIDs$6
Event: 0.647 loading class sun/security/util/KnownOIDs$6 done
Event: 0.647 loading class sun/security/util/KnownOIDs$7
Event: 0.647 loading class sun/security/util/KnownOIDs$7 done
Event: 0.647 loading class sun/security/util/KnownOIDs$8
Event: 0.647 loading class sun/security/util/KnownOIDs$8 done
Event: 0.647 loading class sun/security/util/KnownOIDs$9
Event: 0.647 loading class sun/security/util/KnownOIDs$9 done
Event: 0.647 loading class sun/security/util/KnownOIDs$10
Event: 0.647 loading class sun/security/util/KnownOIDs$10 done
Event: 0.651 loading class java/util/LinkedHashMap$LinkedKeySet
Event: 0.651 loading class java/util/LinkedHashMap$LinkedKeySet done
Event: 0.651 loading class java/util/LinkedHashMap$LinkedKeyIterator
Event: 0.651 loading class java/util/LinkedHashMap$LinkedKeyIterator done


Dynamic libraries:
0x00007ff74f1f0000 - 0x00007ff74f200000 	C:\Program Files\Java\jdk-17\bin\javaw.exe
0x00007fff3f470000 - 0x00007fff3f668000 	C:\Windows\SYSTEM32\ntdll.dll
0x00007fff3e5b0000 - 0x00007fff3e66f000 	C:\Windows\System32\KERNEL32.DLL
0x00007fff3cc60000 - 0x00007fff3cf56000 	C:\Windows\System32\KERNELBASE.dll
0x00007fff3d150000 - 0x00007fff3d250000 	C:\Windows\System32\ucrtbase.dll
0x00007fff22200000 - 0x00007fff22218000 	C:\Program Files\Java\jdk-17\bin\jli.dll
0x00007fff3d560000 - 0x00007fff3d60f000 	C:\Windows\System32\ADVAPI32.dll
0x00007fff3d630000 - 0x00007fff3d6ce000 	C:\Windows\System32\msvcrt.dll
0x00007fff3f390000 - 0x00007fff3f42c000 	C:\Windows\System32\sechost.dll
0x00007fff3f0f0000 - 0x00007fff3f216000 	C:\Windows\System32\RPCRT4.dll
0x00007fff3d9d0000 - 0x00007fff3db6d000 	C:\Windows\System32\USER32.dll
0x00007fff3d4a0000 - 0x00007fff3d4c2000 	C:\Windows\System32\win32u.dll
0x00007fff21f20000 - 0x00007fff21f3b000 	C:\Program Files\Java\jdk-17\bin\VCRUNTIME140.dll
0x00007fff3f220000 - 0x00007fff3f24c000 	C:\Windows\System32\GDI32.dll
0x00007fff3d380000 - 0x00007fff3d495000 	C:\Windows\System32\gdi32full.dll
0x00007fff3cbc0000 - 0x00007fff3cc5d000 	C:\Windows\System32\msvcp_win.dll
0x00007fff2a560000 - 0x00007fff2a7fa000 	C:\Windows\WinSxS\amd64_microsoft.windows.common-controls_6595b64144ccf1df_6.0.19041.1110_none_60b5254171f9507e\COMCTL32.dll
0x00007fff34940000 - 0x00007fff3494a000 	C:\Windows\SYSTEM32\VERSION.dll
0x00007fff3d530000 - 0x00007fff3d560000 	C:\Windows\System32\IMM32.DLL
0x00007fff21320000 - 0x00007fff2132c000 	C:\Program Files\Java\jdk-17\bin\vcruntime140_1.dll
0x00007fff21050000 - 0x00007fff210de000 	C:\Program Files\Java\jdk-17\bin\msvcp140.dll
0x00007fff1c550000 - 0x00007fff1d127000 	C:\Program Files\Java\jdk-17\bin\server\jvm.dll
0x00007fff3d610000 - 0x00007fff3d618000 	C:\Windows\System32\PSAPI.DLL
0x00007fff28500000 - 0x00007fff28509000 	C:\Windows\SYSTEM32\WSOCK32.dll
0x00007fff3f080000 - 0x00007fff3f0eb000 	C:\Windows\System32\WS2_32.dll
0x00007fff2a9c0000 - 0x00007fff2a9e7000 	C:\Windows\SYSTEM32\WINMM.dll
0x00007fff3a9c0000 - 0x00007fff3a9d2000 	C:\Windows\SYSTEM32\kernel.appcore.dll
0x00007fff21040000 - 0x00007fff2104a000 	C:\Program Files\Java\jdk-17\bin\jimage.dll
0x00007fff2f6b0000 - 0x00007fff2f894000 	C:\Windows\SYSTEM32\DBGHELP.DLL
0x00007fff2eba0000 - 0x00007fff2ebd4000 	C:\Windows\SYSTEM32\dbgcore.DLL
0x00007fff3d0c0000 - 0x00007fff3d142000 	C:\Windows\System32\bcryptPrimitives.dll
0x00007fff21010000 - 0x00007fff21035000 	C:\Program Files\Java\jdk-17\bin\java.dll
0x00007fff20c80000 - 0x00007fff20d57000 	C:\Program Files\Java\jdk-17\bin\jsvml.dll
0x00007fff3e850000 - 0x00007fff3ef94000 	C:\Windows\System32\SHELL32.dll
0x00007fff3abc0000 - 0x00007fff3b354000 	C:\Windows\SYSTEM32\windows.storage.dll
0x00007fff3dd30000 - 0x00007fff3e084000 	C:\Windows\System32\combase.dll
0x00007fff3c590000 - 0x00007fff3c5be000 	C:\Windows\SYSTEM32\Wldp.dll
0x00007fff3d7f0000 - 0x00007fff3d89d000 	C:\Windows\System32\SHCORE.dll
0x00007fff3d4d0000 - 0x00007fff3d525000 	C:\Windows\System32\shlwapi.dll
0x00007fff3ca80000 - 0x00007fff3caa5000 	C:\Windows\SYSTEM32\profapi.dll
0x00007fff25a70000 - 0x00007fff25a80000 	C:\Program Files\Java\jdk-17\bin\verify.dll
0x00007fff185a0000 - 0x00007fff185b9000 	C:\Program Files\Java\jdk-17\bin\net.dll
0x00007fff31c00000 - 0x00007fff31d0a000 	C:\Windows\SYSTEM32\WINHTTP.dll
0x00007fff3c2f0000 - 0x00007fff3c35a000 	C:\Windows\system32\mswsock.dll
0x00007fff18500000 - 0x00007fff18516000 	C:\Program Files\Java\jdk-17\bin\nio.dll
0x00007fff184e0000 - 0x00007fff184f8000 	C:\Program Files\Java\jdk-17\bin\zip.dll
0x00007fff3bfe0000 - 0x00007fff3c0aa000 	C:\Windows\SYSTEM32\DNSAPI.dll
0x00007fff3bf90000 - 0x00007fff3bfcc000 	C:\Windows\SYSTEM32\IPHLPAPI.DLL
0x00007fff3d620000 - 0x00007fff3d628000 	C:\Windows\System32\NSI.dll
0x00007fff2f8c0000 - 0x00007fff2f8ca000 	C:\Windows\System32\rasadhlp.dll
0x00007fff2f900000 - 0x00007fff2f982000 	C:\Windows\System32\fwpuclnt.dll
0x00007fff3d250000 - 0x00007fff3d277000 	C:\Windows\System32\bcrypt.dll

dbghelp: loaded successfully - version: 4.0.5 - missing functions: none
symbol engine: initialized successfully - sym options: 0x614 - pdb path: .;C:\Program Files\Java\jdk-17\bin;C:\Windows\SYSTEM32;C:\Windows\WinSxS\amd64_microsoft.windows.common-controls_6595b64144ccf1df_6.0.19041.1110_none_60b5254171f9507e;C:\Program Files\Java\jdk-17\bin\server

VM Arguments:
jvm_args: -Dfile.encoding=UTF-8 -XX:+ShowCodeDetailsInExceptionMessages 
java_command: practice.xpath
java_class_path (initial): E:\Estron_HRM_SeleniumFramework\target\test-classes;E:\Estron_HRM_SeleniumFramework\target\classes;C:\Users\pc\.p2\pool\plugins\org.testng_7.4.0.r202105021533.jar;C:\Users\pc\.p2\pool\plugins\com.beust.jcommander_1.78.0.jar;C:\Users\pc\.p2\pool\plugins\org.apache-extras.beanshell.bsh_2.0.0.b6.jar;C:\Users\pc\.p2\pool\plugins\org.yaml.snakeyaml_1.27.0.v20201111-1638.jar;C:\Users\pc\.p2\pool\plugins\org.webjars.jquery_3.5.1.jar;C:\Users\pc\.m2\repository\io\github\bonigarcia\webdrivermanager\5.3.0\webdrivermanager-5.3.0.jar;C:\Users\pc\.m2\repository\org\slf4j\slf4j-api\1.7.36\slf4j-api-1.7.36.jar;C:\Users\pc\.m2\repository\com\google\code\gson\gson\2.9.1\gson-2.9.1.jar;C:\Users\pc\.m2\repository\com\github\docker-java\docker-java\3.2.13\docker-java-3.2.13.jar;C:\Users\pc\.m2\repository\com\github\docker-java\docker-java-core\3.2.13\docker-java-core-3.2.13.jar;C:\Users\pc\.m2\repository\com\github\docker-java\docker-java-api\3.2.13\docker-java-api-3.2.13.jar;C:\Users\pc\.m2\repository\com\fasterxml\jackson\core\jackson-annotations\2.10.3\jackson-annotations-2.10.3.jar;C:\Users\pc\.m2\repository\com\fasterxml\jackson\core\jackson-databind\2.10.3\jackson-databind-2.10.3.jar;C:\Users\pc\.m2\repository\com\fasterxml\jackson\core\jackson-core\2.10.3\jackson-core-2.10.3.jar;C:\Users\pc\.m2\repository\org\bouncycastle\bcpkix-jdk15on\1.64\bcpkix-jdk15on-1.64.jar;C:\Users\pc\.m2\repository\org\bouncycastle\bcprov-jdk15on\1.64\bcprov-jdk15on-1.64.jar;C:\Users\pc\.m2\repository\org\slf4j\jcl-over-slf4j\1.7.30\jcl-over-slf4j-1.7.30.jar;C:\Users\pc\.m2\repository\com\github\docker-java\docker-java-transport-httpclient5\3.2.13\docker-java-transport-httpclient5-3.2.13.jar;C:\Users\pc\.m2\repository\com\github\docker-java\docker-java-transport\3.2.13\docker-java-transport-3.2.13.jar;C:\Users\pc\.m2\repository\net\java\dev\jna\jna\5.8.0\jna-5.8.0.jar;C:\Users\pc\.m2\repository\org\brotli\dec\0.1.2\dec-0.1.2.jar;C:\Users\pc\.m2\repository\org\apache\commons
Launcher Type: SUN_STANDARD

[Global flags]
     intx CICompilerCount                          = 3                                         {product} {ergonomic}
     uint ConcGCThreads                            = 1                                         {product} {ergonomic}
     uint G1ConcRefinementThreads                  = 4                                         {product} {ergonomic}
   size_t G1HeapRegionSize                         = 1048576                                   {product} {ergonomic}
    uintx GCDrainStackTargetSize                   = 64                                        {product} {ergonomic}
   size_t InitialHeapSize                          = 134217728                                 {product} {ergonomic}
   size_t MarkStackSize                            = 4194304                                   {product} {ergonomic}
   size_t MaxHeapSize                              = 2124414976                                {product} {ergonomic}
   size_t MaxNewSize                               = 1274019840                                {product} {ergonomic}
   size_t MinHeapDeltaBytes                        = 1048576                                   {product} {ergonomic}
   size_t MinHeapSize                              = 8388608                                   {product} {ergonomic}
    uintx NonNMethodCodeHeapSize                   = 5832780                                {pd product} {ergonomic}
    uintx NonProfiledCodeHeapSize                  = 122912730                              {pd product} {ergonomic}
    uintx ProfiledCodeHeapSize                     = 122912730                              {pd product} {ergonomic}
    uintx ReservedCodeCacheSize                    = 251658240                              {pd product} {ergonomic}
     bool SegmentedCodeCache                       = true                                      {product} {ergonomic}
     bool ShowCodeDetailsInExceptionMessages       = true                                   {manageable} {command line}
   size_t SoftMaxHeapSize                          = 2124414976                             {manageable} {ergonomic}
     bool UseCompressedClassPointers               = true                           {product lp64_product} {ergonomic}
     bool UseCompressedOops                        = true                           {product lp64_product} {ergonomic}
     bool UseG1GC                                  = true                                      {product} {ergonomic}
     bool UseLargePagesIndividualAllocation        = false                                  {pd product} {ergonomic}

Logging:
Log output configuration:
 #0: stdout all=warning uptime,level,tags
 #1: stderr all=off uptime,level,tags

Environment Variables:
JAVA_HOME=C:\Program Files\Java\jdk-18.0.2.1
PATH=C:/Program Files/Java/jdk-18.0.2.1/bin/server;C:/Program Files/Java/jdk-18.0.2.1/bin;C:\Program Files\Dell\DW WLAN Card;D:\oracle\product\10.2.0\db_1\bin;C:\Program Files\Common Files\Oracle\Java\javapath;C:\Windows\system32;C:\Windows;C:\Windows\System32\Wbem;C:\Windows\System32\WindowsPowerShell\v1.0\;C:\Windows\System32\OpenSSH\;C:\Program Files\Java\jdk-18.0.2.1\bin;C:\Program Files\WIDCOMM\Bluetooth Software\;C:\Program Files\WIDCOMM\Bluetooth Software\syswow64;E:\apache-maven-3.9.3\bin;C:\Program Files\Git\cmd;C:\Program Files\Java\jdk-17\bin;C:\Program Files\nodejs\;C:\Users\pc\AppData\Local\Microsoft\WindowsApps;C:\Users\pc\AppData\Roaming\npm;C:\Windows\System32;
USERNAME=pc
OS=Windows_NT
PROCESSOR_IDENTIFIER=Intel64 Family 6 Model 61 Stepping 4, GenuineIntel



---------------  S Y S T E M  ---------------

OS:
 Windows 10 , 64 bit Build 19041 (10.0.19041.3155)
OS uptime: 1 days 7:47 hours

CPU: total 4 (initial active 4) (2 cores per cpu, 2 threads per core) family 6 model 61 stepping 4 microcode 0x2d, cx8, cmov, fxsr, ht, mmx, 3dnowpref, sse, sse2, sse3, ssse3, sse4.1, sse4.2, popcnt, lzcnt, tsc, tscinvbit, avx, avx2, aes, erms, clmul, bmi1, bmi2, adx, fma, vzeroupper, clflush

Memory: 4k page, system-wide physical 8103M (2358M free)
TotalPageFile size 9383M (AvailPageFile size 2185M)
current process WorkingSet (physical memory assigned to process): 64M, peak: 64M
current process commit charge ("private bytes"): 214M, peak: 214M

vm_info: Java HotSpot(TM) 64-Bit Server VM (17.0.6+9-LTS-190) for windows-amd64 JRE (17.0.6+9-LTS-190), built on Dec  6 2022 15:53:54 by "mach5one" with MS VC++ 17.1 (VS2022)

END.
